81 0 141.00030315065177 undefined 0
192 0 0 -1 -89148.7445
176 0 7 88 -89148.7445
176 0 10 64 -89148.7445
192 0 0 -1 -89148.7445
176 0 7 88 -89148.7445
176 0 10 64 -89148.7445
192 0 0 -1 -89148.7445
144 0 68 63 -89148.7445
192 0 0 -1 -89148.7445
176 0 10 64 -89148.7445
176 0 7 88 -89148.7445
192 0 0 -1 -89148.7445
176 0 10 64 -89148.7445
176 0 7 88 -89148.7445
192 0 0 -1 -89148.7445
88 0 3 8 0
128 960 68 0 212.7655
176 960 64 0 212.7655
144 960 67 45 212.7655
128 1440 67 0 319.14825
144 1440 68 45 319.14825
128 1920 68 0 425.531
144 1920 72 45 425.531
128 2400 72 0 531.91375
144 2400 70 45 531.91375
144 2880 67 45 638.2965
128 2880 70 0 638.2965
81 3120 142.0000710000355 undefined 691.487875
144 3360 68 45 797.121625
128 3360 67 0 797.121625
144 3840 70 45 902.755375
128 3840 68 0 902.755375
128 4320 70 0 1008.3891249999999
144 4320 68 45 1008.3891249999999
128 4800 68 0 1114.0228749999999
144 4800 72 45 1114.0228749999999
81 4800 143.000143000143 undefined 1061.2060000000001
144 5280 70 45 1166.101
128 5280 72 0 1166.101
144 5760 67 45 1270.996
128 5760 70 0 1270.996
144 6240 68 45 1375.891
128 6240 67 0 1375.891
81 6480 144.00023040036865 undefined 1428.3385
128 6720 68 0 1532.505
144 6720 72 45 1532.505
144 7200 70 45 1636.6715000000002
128 7200 72 0 1636.6715000000002
144 7680 67 45 1740.8380000000002
128 7680 70 0 1740.8380000000002
144 8160 68 45 1845.0045000000002
128 8160 67 0 1845.0045000000002
81 8160 145.00003625000906 undefined 1792.92125
144 8640 72 45 1896.3695
128 8640 68 0 1896.3695
128 9120 72 0 1999.81775
144 9120 70 45 1999.81775
144 9600 67 45 2103.266
128 9600 70 0 2103.266
81 9840 146.00032120070665 undefined 2154.9901250000003
128 10080 67 0 2257.7296250000004
144 10080 68 45 2257.7296250000004
144 10560 72 45 2360.4691250000005
128 10560 68 0 2360.4691250000005
128 11040 72 0 2463.2086250000007
144 11040 70 45 2463.2086250000007
144 11520 49 30 2565.948125000001
176 11520 64 127 2565.948125000001
81 11520 147.0000955500621 undefined 2514.578375
144 11520 67 45 2514.578375
128 11520 70 0 2514.578375
128 11840 49 0 2582.605541666667
144 12000 68 45 2616.619125
128 12000 67 0 2616.619125
144 12480 61 30 2718.6598750000003
144 12480 56 30 2718.6598750000003
144 12480 65 30 2718.6598750000003
128 12480 68 0 2718.6598750000003
144 12480 72 45 2718.6598750000003
128 12800 61 0 2786.687041666667
128 12800 65 0 2786.687041666667
128 12800 56 0 2786.687041666667
144 12960 70 45 2820.7006250000004
128 12960 72 0 2820.7006250000004
144 13440 65 30 2922.7413750000005
144 13440 61 30 2922.7413750000005
144 13440 56 30 2922.7413750000005
144 13440 67 45 2922.7413750000005
128 13440 70 0 2922.7413750000005
128 13760 65 0 2990.7685416666673
128 13760 61 0 2990.7685416666673
128 13760 56 0 2990.7685416666673
144 13920 68 45 3024.7821250000006
128 13920 67 0 3024.7821250000006
144 14400 53 30 3126.8228750000007
144 14400 72 45 3126.8228750000007
176 14400 64 0 3126.8228750000007
176 14400 64 127 3126.8228750000007
128 14400 68 0 3126.8228750000007